0 info it worked if it ends with ok
1 verbose cli [ '/home/mohit/.nvm/versions/node/v6.9.5/bin/node',
1 verbose cli   '/home/mohit/.nvm/versions/node/v6.9.5/lib/node_modules/npm/bin/npm-cli.js',
1 verbose cli   'start' ]
2 info using npm@3.10.10
3 info using node@v6.9.5
4 verbose run-script [ 'prestart', 'start', 'poststart' ]
5 info lifecycle angular-quickstart@1.0.0~prestart: angular-quickstart@1.0.0
6 verbose lifecycle angular-quickstart@1.0.0~prestart: unsafe-perm in lifecycle true
7 verbose lifecycle angular-quickstart@1.0.0~prestart: PATH: /home/mohit/.nvm/versions/node/v6.9.5/lib/node_modules/npm/bin/node-gyp-bin:/media/mohit/drive G/my projects/Git Clones/ProjectBucket_SIH/FrontEnd/node_modules/.bin:/home/mohit/.nvm/versions/node/v6.9.5/bin:/home/mohit/bin:/home/mohit/.local/bin:/usr/local/sbin:/usr/local/bin:/usr/sbin:/usr/bin:/sbin:/bin:/usr/games:/usr/local/games:/snap/bin
8 verbose lifecycle angular-quickstart@1.0.0~prestart: CWD: /media/mohit/drive G/my projects/Git Clones/ProjectBucket_SIH/FrontEnd
9 silly lifecycle angular-quickstart@1.0.0~prestart: Args: [ '-c', 'npm run build' ]
10 silly lifecycle angular-quickstart@1.0.0~prestart: Returned: code: 1  signal: null
11 info lifecycle angular-quickstart@1.0.0~prestart: Failed to exec prestart script
12 verbose stack Error: angular-quickstart@1.0.0 prestart: `npm run build`
12 verbose stack Exit status 1
12 verbose stack     at EventEmitter.<anonymous> (/home/mohit/.nvm/versions/node/v6.9.5/lib/node_modules/npm/lib/utils/lifecycle.js:255:16)
12 verbose stack     at emitTwo (events.js:106:13)
12 verbose stack     at EventEmitter.emit (events.js:191:7)
12 verbose stack     at ChildProcess.<anonymous> (/home/mohit/.nvm/versions/node/v6.9.5/lib/node_modules/npm/lib/utils/spawn.js:40:14)
12 verbose stack     at emitTwo (events.js:106:13)
12 verbose stack     at ChildProcess.emit (events.js:191:7)
12 verbose stack     at maybeClose (internal/child_process.js:877:16)
12 verbose stack     at Process.ChildProcess._handle.onexit (internal/child_process.js:226:5)
13 verbose pkgid angular-quickstart@1.0.0
14 verbose cwd /media/mohit/drive G/my projects/Git Clones/ProjectBucket_SIH/FrontEnd
15 error Linux 4.4.0-66-generic
16 error argv "/home/mohit/.nvm/versions/node/v6.9.5/bin/node" "/home/mohit/.nvm/versions/node/v6.9.5/lib/node_modules/npm/bin/npm-cli.js" "start"
17 error node v6.9.5
18 error npm  v3.10.10
19 error code ELIFECYCLE
20 error angular-quickstart@1.0.0 prestart: `npm run build`
20 error Exit status 1
21 error Failed at the angular-quickstart@1.0.0 prestart script 'npm run build'.
21 error Make sure you have the latest version of node.js and npm installed.
21 error If you do, this is most likely a problem with the angular-quickstart package,
21 error not with npm itself.
21 error Tell the author that this fails on your system:
21 error     npm run build
21 error You can get information on how to open an issue for this project with:
21 error     npm bugs angular-quickstart
21 error Or if that isn't available, you can get their info via:
21 error     npm owner ls angular-quickstart
21 error There is likely additional logging output above.
22 verbose exit [ 1, true ]
